{
  "RSpec": {
    "coverage": {
      "/Users/stephengeller/Projects/makers-academy/week-three/day-3/week-three-SG/Battle/spec/features/feature_spec.rb": [
        1,
        1,
        null,
        1,
        1,
        1,
        4,
        null,
        null,
        1,
        1,
        null,
        null,
        1,
        1,
        null,
        null,
        1,
        1,
        null,
        null,
        1,
        1,
        1,
        1,
        null,
        null,
        1,
        1,
        2,
        null,
        null,
        1,
        1,
        null,
        null,
        1,
        1,
        1,
        1,
        null,
        null,
        null
      ]
    },
    "timestamp": 1502896788
  }
}
