{
  "RSpec": {
    "coverage": {
      "/Users/USMAC/Desktop/projects/web_app/Battle/spec/features/feature_spec.rb": [
        1,
        1,
        null,
        1,
        1,
        1,
        4,
        null,
        null,
        1,
        1,
        null,
        null,
        1,
        1,
        null,
        null,
        1,
        1,
        null,
        null,
        1,
        1,
        1,
        1,
        null,
        null,
        1,
        1,
        3,
        null,
        null,
        1,
        1,
        null,
        null,
        1,
        1,
        1,
        1,
        null,
        1,
        1,
        1,
        1,
        null,
        null,
        null,
        null
      ],
      "/Users/USMAC/Desktop/projects/web_app/Battle/spec/features/player_spec.rb": [
        1,
        null,
        1,
        2,
        1,
        1,
        null,
        null
      ],
      "/Users/USMAC/Desktop/projects/web_app/Battle/lib/player.rb": [
        1,
        1,
        9,
        9,
        null,
        1,
        null
      ]
    },
    "timestamp": 1502898595
  }
}
